[1227/102550.040:ERROR:directory_reader_win.cc(43)] FindFirstFile: The system cannot find the path specified. (0x3)
[1227/184603.806:ERROR:scoped_process_suspend.cc(31)] NtSuspendProcess: An attempt was made to access an exiting process. (0xc000010a)
[1227/184614.530:ERROR:process_info.cc(329)] VirtualQueryEx: Access is denied. (0x5)
[1227/184614.530:ERROR:process_info.cc(556)] ReadMemoryInfo failed
[1227/231656.740:ERROR:process_reader_win.cc(151)] SuspendThread: Access is denied. (0x5)
[1227/231656.741:ERROR:process_reader_win.cc(151)] SuspendThread: Access is denied. (0x5)
[1227/231656.741:ERROR:process_reader_win.cc(151)] SuspendThread: Access is denied. (0x5)
[1227/231656.741:ERROR:process_reader_win.cc(151)] SuspendThread: Access is denied. (0x5)
[1227/231656.767:ERROR:process_reader_win.cc(151)] SuspendThread: Access is denied. (0x5)
[1227/231656.767:ERROR:process_reader_win.cc(151)] SuspendThread: Access is denied. (0x5)
[1227/231656.767:ERROR:process_reader_win.cc(151)] SuspendThread: Access is denied. (0x5)
[1227/231656.767:ERROR:process_reader_win.cc(151)] SuspendThread: Access is denied. (0x5)
[1227/231656.767:ERROR:process_reader_win.cc(151)] SuspendThread: Access is denied. (0x5)
[1227/231656.767:ERROR:process_reader_win.cc(151)] SuspendThread: Access is denied. (0x5)
[1227/231656.767:ERROR:process_reader_win.cc(151)] SuspendThread: Access is denied. (0x5)
[1227/231656.767:ERROR:process_reader_win.cc(151)] SuspendThread: Access is denied. (0x5)
[1227/231656.767:ERROR:process_reader_win.cc(151)] SuspendThread: Access is denied. (0x5)
[1227/231656.768:ERROR:process_reader_win.cc(151)] SuspendThread: Access is denied. (0x5)
[1227/231656.768:ERROR:process_reader_win.cc(123)] NtOpenThread: {Access Denied} A process has requested access to an object, but has not been granted those access rights. (0xc0000022)
[1227/231656.768:ERROR:exception_snapshot_win.cc(99)] thread ID 18736 not found in process
[1227/231656.778:ERROR:process_reader_win.cc(151)] SuspendThread: Access is denied. (0x5)
[1227/231656.778:ERROR:process_reader_win.cc(151)] SuspendThread: Access is denied. (0x5)
[1227/231656.778:ERROR:process_reader_win.cc(151)] SuspendThread: Access is denied. (0x5)
[1227/231656.778:ERROR:process_reader_win.cc(151)] SuspendThread: Access is denied. (0x5)
[1227/231656.779:ERROR:process_reader_win.cc(151)] SuspendThread: Access is denied. (0x5)
[1227/231656.779:ERROR:process_reader_win.cc(151)] SuspendThread: Access is denied. (0x5)
[1227/231656.779:ERROR:process_reader_win.cc(151)] SuspendThread: Access is denied. (0x5)
[1227/231656.779:ERROR:process_reader_win.cc(151)] SuspendThread: Access is denied. (0x5)
[1227/231656.779:ERROR:process_reader_win.cc(151)] SuspendThread: Access is denied. (0x5)
[1227/231656.779:ERROR:process_reader_win.cc(151)] SuspendThread: Access is denied. (0x5)
[1227/231656.779:ERROR:process_reader_win.cc(151)] SuspendThread: Access is denied. (0x5)
[1227/231656.779:ERROR:process_reader_win.cc(151)] SuspendThread: Access is denied. (0x5)
[1227/231656.779:ERROR:process_reader_win.cc(151)] SuspendThread: Access is denied. (0x5)
[1227/231656.779:ERROR:process_reader_win.cc(151)] SuspendThread: Access is denied. (0x5)
[1227/231656.779:ERROR:process_reader_win.cc(123)] NtOpenThread: {Access Denied} A process has requested access to an object, but has not been granted those access rights. (0xc0000022)
[1227/231656.779:ERROR:exception_snapshot_win.cc(99)] thread ID 21180 not found in process
[1227/231656.779:ERROR:process_reader_win.cc(151)] SuspendThread: Access is denied. (0x5)
[1227/231656.779:ERROR:process_reader_win.cc(151)] SuspendThread: Access is denied. (0x5)
[1227/231656.779:ERROR:process_reader_win.cc(151)] SuspendThread: Access is denied. (0x5)
[1227/231656.779:ERROR:process_reader_win.cc(151)] SuspendThread: Access is denied. (0x5)
[1227/231656.779:ERROR:process_reader_win.cc(151)] SuspendThread: Access is denied. (0x5)
[1227/231656.779:ERROR:process_reader_win.cc(151)] SuspendThread: Access is denied. (0x5)
[1227/231656.779:ERROR:process_reader_win.cc(151)] SuspendThread: Access is denied. (0x5)
[1227/231656.780:ERROR:process_reader_win.cc(151)] SuspendThread: Access is denied. (0x5)
[1227/231656.780:ERROR:process_reader_win.cc(151)] SuspendThread: Access is denied. (0x5)
[1227/231656.780:ERROR:process_reader_win.cc(151)] SuspendThread: Access is denied. (0x5)
[1227/231656.780:ERROR:process_reader_win.cc(151)] SuspendThread: Access is denied. (0x5)
[1227/231656.780:ERROR:process_reader_win.cc(151)] SuspendThread: Access is denied. (0x5)
[1227/231656.780:ERROR:process_reader_win.cc(151)] SuspendThread: Access is denied. (0x5)
[1227/231656.780:ERROR:process_reader_win.cc(123)] NtOpenThread: {Access Denied} A process has requested access to an object, but has not been granted those access rights. (0xc0000022)
[1227/231656.780:ERROR:exception_snapshot_win.cc(99)] thread ID 13124 not found in process
[1227/231656.822:ERROR:process_reader_win.cc(151)] SuspendThread: Access is denied. (0x5)
[1227/231656.822:ERROR:process_reader_win.cc(151)] SuspendThread: Access is denied. (0x5)
[1227/231656.822:ERROR:process_reader_win.cc(151)] SuspendThread: Access is denied. (0x5)
[1227/231656.822:ERROR:process_reader_win.cc(151)] SuspendThread: Access is denied. (0x5)
[1227/231656.822:ERROR:process_reader_win.cc(151)] SuspendThread: Access is denied. (0x5)
[1227/231656.822:ERROR:process_reader_win.cc(151)] SuspendThread: Access is denied. (0x5)
[1227/231656.822:ERROR:process_reader_win.cc(151)] SuspendThread: Access is denied. (0x5)
[1227/231656.822:ERROR:process_reader_win.cc(151)] SuspendThread: Access is denied. (0x5)
[1227/231656.822:ERROR:process_reader_win.cc(151)] SuspendThread: Access is denied. (0x5)
[1227/231656.822:ERROR:process_reader_win.cc(151)] SuspendThread: Access is denied. (0x5)
[1227/231656.822:ERROR:process_reader_win.cc(151)] SuspendThread: Access is denied. (0x5)
[1227/231656.822:ERROR:process_reader_win.cc(151)] SuspendThread: Access is denied. (0x5)
[1227/231656.822:ERROR:process_reader_win.cc(151)] SuspendThread: Access is denied. (0x5)
[1227/231656.822:ERROR:process_reader_win.cc(151)] SuspendThread: Access is denied. (0x5)
[1227/231656.822:ERROR:process_reader_win.cc(123)] NtOpenThread: {Access Denied} A process has requested access to an object, but has not been granted those access rights. (0xc0000022)
[1227/231656.823:ERROR:exception_snapshot_win.cc(99)] thread ID 21196 not found in process
[1227/231656.876:ERROR:process_reader_win.cc(151)] SuspendThread: Access is denied. (0x5)
[1227/231656.876:ERROR:process_reader_win.cc(151)] SuspendThread: Access is denied. (0x5)
[1227/231656.876:ERROR:process_reader_win.cc(151)] SuspendThread: Access is denied. (0x5)
[1227/231656.876:ERROR:process_reader_win.cc(151)] SuspendThread: Access is denied. (0x5)
[1227/231656.876:ERROR:process_reader_win.cc(151)] SuspendThread: Access is denied. (0x5)
[1227/231656.876:ERROR:process_reader_win.cc(151)] SuspendThread: Access is denied. (0x5)
[1227/231656.876:ERROR:process_reader_win.cc(151)] SuspendThread: Access is denied. (0x5)
[1227/231656.876:ERROR:process_reader_win.cc(151)] SuspendThread: Access is denied. (0x5)
[1227/231656.876:ERROR:process_reader_win.cc(151)] SuspendThread: Access is denied. (0x5)
[1227/231656.876:ERROR:process_reader_win.cc(151)] SuspendThread: Access is denied. (0x5)
[1227/231656.876:ERROR:process_reader_win.cc(151)] SuspendThread: Access is denied. (0x5)
[1227/231656.876:ERROR:process_reader_win.cc(151)] SuspendThread: Access is denied. (0x5)
[1227/231656.876:ERROR:process_reader_win.cc(123)] NtOpenThread: {Access Denied} A process has requested access to an object, but has not been granted those access rights. (0xc0000022)
[1227/231656.876:ERROR:exception_snapshot_win.cc(99)] thread ID 19300 not found in process
[1227/231656.899:ERROR:process_reader_win.cc(151)] SuspendThread: Access is denied. (0x5)
[1227/231656.899:ERROR:process_reader_win.cc(151)] SuspendThread: Access is denied. (0x5)
[1227/231656.899:ERROR:process_reader_win.cc(151)] SuspendThread: Access is denied. (0x5)
[1227/231656.899:ERROR:process_reader_win.cc(151)] SuspendThread: Access is denied. (0x5)
[1227/231656.899:ERROR:process_reader_win.cc(151)] SuspendThread: Access is denied. (0x5)
[1227/231656.899:ERROR:process_reader_win.cc(151)] SuspendThread: Access is denied. (0x5)
[1227/231656.899:ERROR:process_reader_win.cc(151)] SuspendThread: Access is denied. (0x5)
[1227/231656.899:ERROR:process_reader_win.cc(151)] SuspendThread: Access is denied. (0x5)
[1227/231656.899:ERROR:process_reader_win.cc(151)] SuspendThread: Access is denied. (0x5)
[1227/231656.899:ERROR:process_reader_win.cc(151)] SuspendThread: Access is denied. (0x5)
[1227/231656.899:ERROR:process_reader_win.cc(151)] SuspendThread: Access is denied. (0x5)
[1227/231656.899:ERROR:process_reader_win.cc(151)] SuspendThread: Access is denied. (0x5)
[1227/231656.899:ERROR:process_reader_win.cc(151)] SuspendThread: Access is denied. (0x5)
[1227/231656.899:ERROR:process_reader_win.cc(151)] SuspendThread: Access is denied. (0x5)
[1227/231656.899:ERROR:process_reader_win.cc(123)] NtOpenThread: {Access Denied} A process has requested access to an object, but has not been granted those access rights. (0xc0000022)
[1227/231656.899:ERROR:exception_snapshot_win.cc(99)] thread ID 10136 not found in process
[1227/231656.952:ERROR:process_reader_win.cc(151)] SuspendThread: Access is denied. (0x5)
[1227/231656.952:ERROR:process_reader_win.cc(151)] SuspendThread: Access is denied. (0x5)
[1227/231656.952:ERROR:process_reader_win.cc(151)] SuspendThread: Access is denied. (0x5)
[1227/231656.952:ERROR:process_reader_win.cc(151)] SuspendThread: Access is denied. (0x5)
[1227/231656.952:ERROR:process_reader_win.cc(151)] SuspendThread: Access is denied. (0x5)
[1227/231656.952:ERROR:process_reader_win.cc(151)] SuspendThread: Access is denied. (0x5)
[1227/231656.952:ERROR:process_reader_win.cc(151)] SuspendThread: Access is denied. (0x5)
[1227/231656.952:ERROR:process_reader_win.cc(151)] SuspendThread: Access is denied. (0x5)
[1227/231656.952:ERROR:process_reader_win.cc(151)] SuspendThread: Access is denied. (0x5)
[1227/231656.952:ERROR:process_reader_win.cc(151)] SuspendThread: Access is denied. (0x5)
[1227/231656.952:ERROR:process_reader_win.cc(151)] SuspendThread: Access is denied. (0x5)
[1227/231656.952:ERROR:process_reader_win.cc(151)] SuspendThread: Access is denied. (0x5)
[1227/231656.952:ERROR:process_reader_win.cc(123)] NtOpenThread: {Access Denied} A process has requested access to an object, but has not been granted those access rights. (0xc0000022)
[1227/231656.952:ERROR:exception_snapshot_win.cc(99)] thread ID 15792 not found in process
[1227/231656.972:ERROR:process_reader_win.cc(151)] SuspendThread: Access is denied. (0x5)
[1227/231656.972:ERROR:process_reader_win.cc(151)] SuspendThread: Access is denied. (0x5)
[1227/231656.972:ERROR:process_reader_win.cc(151)] SuspendThread: Access is denied. (0x5)
[1227/231656.972:ERROR:process_reader_win.cc(151)] SuspendThread: Access is denied. (0x5)
[1227/231656.972:ERROR:process_reader_win.cc(151)] SuspendThread: Access is denied. (0x5)
[1227/231656.972:ERROR:process_reader_win.cc(151)] SuspendThread: Access is denied. (0x5)
[1227/231656.972:ERROR:process_reader_win.cc(151)] SuspendThread: Access is denied. (0x5)
[1227/231656.972:ERROR:process_reader_win.cc(151)] SuspendThread: Access is denied. (0x5)
[1227/231656.972:ERROR:process_reader_win.cc(151)] SuspendThread: Access is denied. (0x5)
[1227/231656.972:ERROR:process_reader_win.cc(151)] SuspendThread: Access is denied. (0x5)
[1227/231656.972:ERROR:process_reader_win.cc(151)] SuspendThread: Access is denied. (0x5)
[1227/231656.972:ERROR:process_reader_win.cc(151)] SuspendThread: Access is denied. (0x5)
[1227/231656.972:ERROR:process_reader_win.cc(123)] NtOpenThread: {Access Denied} A process has requested access to an object, but has not been granted those access rights. (0xc0000022)
[1227/231656.972:ERROR:exception_snapshot_win.cc(99)] thread ID 6988 not found in process
[1227/231656.976:ERROR:process_reader_win.cc(151)] SuspendThread: Access is denied. (0x5)
[1227/231656.976:ERROR:process_reader_win.cc(151)] SuspendThread: Access is denied. (0x5)
[1227/231656.976:ERROR:process_reader_win.cc(151)] SuspendThread: Access is denied. (0x5)
[1227/231656.976:ERROR:process_reader_win.cc(151)] SuspendThread: Access is denied. (0x5)
[1227/231656.976:ERROR:process_reader_win.cc(151)] SuspendThread: Access is denied. (0x5)
[1227/231656.976:ERROR:process_reader_win.cc(151)] SuspendThread: Access is denied. (0x5)
[1227/231656.976:ERROR:process_reader_win.cc(151)] SuspendThread: Access is denied. (0x5)
[1227/231656.976:ERROR:process_reader_win.cc(151)] SuspendThread: Access is denied. (0x5)
[1227/231656.976:ERROR:process_reader_win.cc(151)] SuspendThread: Access is denied. (0x5)
[1227/231656.976:ERROR:process_reader_win.cc(151)] SuspendThread: Access is denied. (0x5)
[1227/231656.976:ERROR:process_reader_win.cc(151)] SuspendThread: Access is denied. (0x5)
[1227/231656.976:ERROR:process_reader_win.cc(123)] NtOpenThread: {Access Denied} A process has requested access to an object, but has not been granted those access rights. (0xc0000022)
[1227/231656.976:ERROR:exception_snapshot_win.cc(99)] thread ID 18768 not found in process
[1227/231657.123:ERROR:process_reader_win.cc(123)] NtOpenThread: {Access Denied} A process has requested access to an object, but has not been granted those access rights. (0xc0000022)
[1227/231657.124:ERROR:exception_snapshot_win.cc(99)] thread ID 14888 not found in process
